<?xml version="1.0" encoding="UTF-8"?>
<!-- Generated by org.testng.reporters.JUnitReportReporter -->
<testsuite hostname="DESKTOP-P7A0Q47" failures="0" tests="2" name="testngScipts.FirstTestNgScript" time="59.242" errors="0" timestamp="2024-05-13T15:50:11 IST" skipped="0">
  <testcase classname="testngScipts.FirstTestNgScript" name="mobile" time="3.651"/>
  <testcase classname="testngScipts.FirstTestNgScript" name="Electronics" time="55.591"/>
</testsuite> <!-- testngScipts.FirstTestNgScript -->
