<?xml version="1.0" encoding="UTF-8"?>
<!-- Generated by org.testng.reporters.JUnitReportReporter -->
<testsuite hostname="DESKTOP-P7A0Q47" failures="0" tests="2" name="testngScipts.FirstScript" time="15.163" errors="0" timestamp="2024-06-06T22:15:32 IST" skipped="0">
  <testcase classname="testngScipts.FirstScript" name="launch" time="7.938"/>
  <testcase classname="testngScipts.FirstScript" name="launch" time="7.225"/>
</testsuite> <!-- testngScipts.FirstScript -->
